<?xml version="1.0" encoding="UTF-8"?>
<!-- Generated by org.testng.reporters.JUnitReportReporter -->
<testsuite hostname="NAMITA" failures="0" tests="2" name="cucumberOption.demoBlaseTestRunner" time="2.615" errors="2" timestamp="2024-08-05T14:44:37 IST" skipped="0">
  <testcase classname="cucumberOption.demoBlaseTestRunner" name="runScenario" time="2.489">
    <error message="The path to the driver executable Unable to locate the chromedriver executable; for more information on how to install drivers, see https://www.selenium.dev/documentation/webdriver/getting_started/install_drivers/" type="java.lang.IllegalStateException">
      <![CDATA[java.lang.IllegalStateException: The path to the driver executable Unable to locate the chromedriver executable; for more information on how to install drivers, see https://www.selenium.dev/documentation/webdriver/getting_started/install_drivers/
at org.openqa.selenium.internal.Require$StateChecker.nonNull(Require.java:314)
at org.openqa.selenium.remote.service.DriverFinder.getPath(DriverFinder.java:33)
at org.openqa.selenium.chrome.ChromeDriver.generateExecutor(ChromeDriver.java:98)
at org.openqa.selenium.chrome.ChromeDriver.<init>(ChromeDriver.java:88)
at org.openqa.selenium.chrome.ChromeDriver.<init>(ChromeDriver.java:84)
at org.openqa.selenium.chrome.ChromeDriver.<init>(ChromeDriver.java:52)
at stepdefination.stepDefination.user_on_the_dashboard(stepDefination.java:21)
at ✽.User on the dashboard(file:///C:/Users/namit/eclipse-workspace/CucumberProject/src/test/java/featureLayer/sortByName.feature:4)
]]>
    </error>
  </testcase> <!-- runScenario -->
  <system-out/>
  <testcase classname="cucumberOption.demoBlaseTestRunner" name="runScenario" time="0.126">
    <error message="TODO: implement me" type="io.cucumber.java.PendingException">
      <![CDATA[io.cucumber.java.PendingException: TODO: implement me
at stepdefination.DemoLogin.user_on_home_page(DemoLogin.java:10)
at ✽.User on HomePage(file:///C:/Users/namit/eclipse-workspace/CucumberProject/src/test/java/featureLayer/abc.feature:3)
]]>
    </error>
  </testcase> <!-- runScenario -->
  <system-out/>
</testsuite> <!-- cucumberOption.demoBlaseTestRunner -->
